<?xml version="1.0" encoding="UTF-8"?>
<testsuite xmlns:xsi="http://www.w3.org/2001/XMLSchema-instance" xsi:noNamespaceSchemaLocation="https://maven.apache.org/surefire/maven-surefire-plugin/xsd/surefire-test-report.xsd" name="MyTest" time="0.265" tests="81" errors="0" skipped="0" failures="0">
  <properties>
[...]
</properties>
  <testcase name="betCardResetNumberCountTest" classname="MyTest" time="0.02"/>
  <testcase name="betCardResetSpotsTest" classname="MyTest" time="0"/>
  <testcase name="betCardSetDrawAboveRangeTest{int}[1]" classname="MyTest" time="0.029"/>
  <testcase name="betCardSetDrawAboveRangeTest{int}[2]" classname="MyTest" time="0.001"/>
  <testcase name="betCardSetDrawAboveRangeTest{int}[3]" classname="MyTest" time="0.001"/>
  <testcase name="betCardSetSpotsAboveRangeTest{int}[1]" classname="MyTest" time="0.001"/>
  <testcase name="betCardSetSpotsAboveRangeTest{int}[2]" classname="MyTest" time="0.001"/>
  <testcase name="betCardSetSpotsAboveRangeTest{int}[3]" classname="MyTest" time="0.001"/>
  <testcase name="betCardCompareTest2" classname="MyTest" time="0.004"/>
  <testcase name="betCardConstructorSpotsTest" classname="MyTest" time="0"/>
  <testcase name="betCardConstructorNumbersTest" classname="MyTest" time="0"/>
  <testcase name="playerAddEarnings{int, int}[1]" classname="MyTest" time="0.001"/>
  <testcase name="playerAddEarnings{int, int}[2]" classname="MyTest" time="0"/>
  <testcase name="playerAddEarnings{int, int}[3]" classname="MyTest" time="0.001"/>
  <testcase name="betCardCompareTest" classname="MyTest" time="0"/>
  <testcase name="betCardNumbersCountTest" classname="MyTest" time="0.002"/>
  <testcase name="playerGetBetCardTest" classname="MyTest" time="0.001"/>
  <testcase name="betCardSetSpotsInRangeTest{int}[1]" classname="MyTest" time="0"/>
  <testcase name="betCardSetSpotsInRangeTest{int}[2]" classname="MyTest" time="0.001"/>
  <testcase name="betCardSetSpotsInRangeTest{int}[3]" classname="MyTest" time="0"/>
  <testcase name="betCardSetSpotsInRangeTest{int}[4]" classname="MyTest" time="0.001"/>
  <testcase name="betCardSetDrawInRangeTest{int}[1]" classname="MyTest" time="0"/>
  <testcase name="betCardSetDrawInRangeTest{int}[2]" classname="MyTest" time="0.001"/>
  <testcase name="betCardSetDrawInRangeTest{int}[3]" classname="MyTest" time="0"/>
  <testcase name="betCardSetDrawInRangeTest{int}[4]" classname="MyTest" time="0"/>
  <testcase name="betCardRemoveAndCompareTest{int}[1]" classname="MyTest" time="0.001"/>
  <testcase name="betCardRemoveAndCompareTest{int}[2]" classname="MyTest" time="0.001"/>
  <testcase name="betCardRemoveAndCompareTest{int}[3]" classname="MyTest" time="0"/>
  <testcase name="betCardRemoveAndCompareTest{int}[4]" classname="MyTest" time="0"/>
  <testcase name="betCardRemoveAndCompareTest{int}[5]" classname="MyTest" time="0.001"/>
  <testcase name="betCardRemoveAndCompareTest{int}[6]" classname="MyTest" time="0"/>
  <testcase name="betCardRemoveAndCompareTest{int}[7]" classname="MyTest" time="0"/>
  <testcase name="betCardRemoveAndCompareTest{int}[8]" classname="MyTest" time="0.001"/>
  <testcase name="betCardRemoveAndCompareTest{int}[9]" classname="MyTest" time="0.001"/>
  <testcase name="betCardRemoveAndCompareTest{int}[10]" classname="MyTest" time="0"/>
  <testcase name="betCardRemoveAndCompareTest{int}[11]" classname="MyTest" time="0.001"/>
  <testcase name="betCardRemoveAndCompareTest{int}[12]" classname="MyTest" time="0.001"/>
  <testcase name="betCardRemoveAndCompareTest{int}[13]" classname="MyTest" time="0"/>
  <testcase name="betCardRemoveAndCompareTest{int}[14]" classname="MyTest" time="0.001"/>
  <testcase name="betCardRemoveAndCompareTest{int}[15]" classname="MyTest" time="0.001"/>
  <testcase name="betCardRemoveAndCompareTest{int}[16]" classname="MyTest" time="0.002"/>
  <testcase name="betCardRemoveAndCompareTest{int}[17]" classname="MyTest" time="0.001"/>
  <testcase name="betCardRemoveAndCompareTest{int}[18]" classname="MyTest" time="0.001"/>
  <testcase name="betCardRemoveAndCompareTest{int}[19]" classname="MyTest" time="0.001"/>
  <testcase name="betCardRemoveAndCompareTest{int}[20]" classname="MyTest" time="0.001"/>
  <testcase name="betCardFullTest" classname="MyTest" time="0.001"/>
  <testcase name="betCardConstructorDrawTest" classname="MyTest" time="0.001"/>
  <testcase name="betCardRemoveAndFullTest" classname="MyTest" time="0.001"/>
  <testcase name="betCardNumbersCountTest2" classname="MyTest" time="0"/>
  <testcase name="betCardClearNumbersTest" classname="MyTest" time="0"/>
  <testcase name="betCardContainsTest{int}[1]" classname="MyTest" time="0"/>
  <testcase name="betCardContainsTest{int}[2]" classname="MyTest" time="0.001"/>
  <testcase name="betCardContainsTest{int}[3]" classname="MyTest" time="0.002"/>
  <testcase name="betCardContainsTest{int}[4]" classname="MyTest" time="0"/>
  <testcase name="betCardContainsTest{int}[5]" classname="MyTest" time="0.001"/>
  <testcase name="betCardContainsTest{int}[6]" classname="MyTest" time="0"/>
  <testcase name="betCardContainsTest{int}[7]" classname="MyTest" time="0.001"/>
  <testcase name="betCardContainsTest{int}[8]" classname="MyTest" time="0.001"/>
  <testcase name="betCardContainsTest{int}[9]" classname="MyTest" time="0.001"/>
  <testcase name="betCardContainsTest{int}[10]" classname="MyTest" time="0.001"/>
  <testcase name="betCardSetDrawBelowRangeTest{int}[1]" classname="MyTest" time="0"/>
  <testcase name="betCardSetDrawBelowRangeTest{int}[2]" classname="MyTest" time="0"/>
  <testcase name="betCardSetDrawBelowRangeTest{int}[3]" classname="MyTest" time="0"/>
  <testcase name="betCardSetSpotsBelowRangeTest{int}[1]" classname="MyTest" time="0"/>
  <testcase name="betCardSetSpotsBelowRangeTest{int}[2]" classname="MyTest" time="0.001"/>
  <testcase name="betCardSetSpotsBelowRangeTest{int}[3]" classname="MyTest" time="0.001"/>
  <testcase name="betCardResetDrawTest" classname="MyTest" time="0"/>
  <testcase name="playerSetEarnings{int}[1]" classname="MyTest" time="0"/>
  <testcase name="playerSetEarnings{int}[2]" classname="MyTest" time="0.001"/>
  <testcase name="playerSetEarnings{int}[3]" classname="MyTest" time="0.001"/>
  <testcase name="playerGetEarnings" classname="MyTest" time="0"/>
  <testcase name="betCardDoesNotContainsTest{int}[1]" classname="MyTest" time="0.001"/>
  <testcase name="betCardDoesNotContainsTest{int}[2]" classname="MyTest" time="0.001"/>
  <testcase name="betCardDoesNotContainsTest{int}[3]" classname="MyTest" time="0"/>
  <testcase name="betCardDoesNotContainsTest{int}[4]" classname="MyTest" time="0"/>
  <testcase name="betCardDoesNotContainsTest{int}[5]" classname="MyTest" time="0"/>
  <testcase name="betCardDoesNotContainsTest{int}[6]" classname="MyTest" time="0"/>
  <testcase name="betCardDoesNotContainsTest{int}[7]" classname="MyTest" time="0.001"/>
  <testcase name="betCardDoesNotContainsTest{int}[8]" classname="MyTest" time="0.001"/>
  <testcase name="betCardDoesNotContainsTest{int}[9]" classname="MyTest" time="0.001"/>
  <testcase name="betCardDoesNotContainsTest{int}[10]" classname="MyTest" time="0"/>
</testsuite>